<?xml version="1.0" encoding="UTF-8"?>
<!-- Generated by org.testng.reporters.JUnitReportReporter -->
<testsuite skipped="0" hostname="INMAAWN53000190" name="com.testcases.ReceivePageTests" tests="2" failures="0" timestamp="13 Mar 2020 12:17:58 GMT" time="181.111" errors="2">
  <testcase name="receiveFSIHBTest" time="73.442" classname="com.testcases.ReceivePageTests">
    <error type="org.openqa.selenium.NoSuchElementException" message="An element could not be located on the page using the given search parameters.
For documentation on this error, please visit: https://www.seleniumhq.org/exceptions/no_such_element.html
Build info: version: &#039;3.141.59&#039;, revision: &#039;e82be7d358&#039;, time: &#039;2018-11-14T08:17:03&#039;
System info: host: &#039;INMAAWN53000190&#039;, ip: &#039;10.0.75.1&#039;, os.name: &#039;Windows 10&#039;, os.arch: &#039;amd64&#039;, os.version: &#039;10.0&#039;, java.version: &#039;1.8.0_221&#039;
Driver info: io.appium.java_client.android.AndroidDriver
Capabilities {appActivity: com.dhl.fsi.android.activit..., appPackage: com.dhl.fsi.android.dev, automationName: uiautomator2, databaseEnabled: false, desired: {appActivity: com.dhl.fsi.android.activit..., appPackage: com.dhl.fsi.android.dev, automationName: uiautomator2, deviceName: Real Device, platformName: android, systemPort: 8201, udid: 19258523021239}, deviceApiLevel: 27, deviceManufacturer: Zebra Technologies, deviceModel: MC33, deviceName: 19258523021239, deviceScreenDensity: 240, deviceScreenSize: 480x800, deviceUDID: 19258523021239, javascriptEnabled: true, locationContextEnabled: false, networkConnectionEnabled: true, pixelRatio: 1.5, platform: LINUX, platformName: Android, platformVersion: 8.1.0, statBarHeight: 36, systemPort: 8201, takesScreenshot: true, udid: 19258523021239, viewportRect: {height: 692, left: 0, top: 36, width: 480}, warnings: {}, webStorageEnabled: false}
Session ID: bc506ed0-833f-4a13-83b3-dc739b6818e2
*** Element info: {Using=xpath, value=//*[contains(@resource-id,&#039;receive_fsi_hb_button&#039;)]}">
      <![CDATA[org.openqa.selenium.NoSuchElementException: An element could not be located on the page using the given search parameters.
For documentation on this error, please visit: https://www.seleniumhq.org/exceptions/no_such_element.html
Build info: version: '3.141.59', revision: 'e82be7d358', time: '2018-11-14T08:17:03'
System info: host: 'INMAAWN53000190', ip: '10.0.75.1', os.name: 'Windows 10', os.arch: 'amd64', os.version: '10.0', java.version: '1.8.0_221'
Driver info: io.appium.java_client.android.AndroidDriver
Capabilities {appActivity: com.dhl.fsi.android.activit..., appPackage: com.dhl.fsi.android.dev, automationName: uiautomator2, databaseEnabled: false, desired: {appActivity: com.dhl.fsi.android.activit..., appPackage: com.dhl.fsi.android.dev, automationName: uiautomator2, deviceName: Real Device, platformName: android, systemPort: 8201, udid: 19258523021239}, deviceApiLevel: 27, deviceManufacturer: Zebra Technologies, deviceModel: MC33, deviceName: 19258523021239, deviceScreenDensity: 240, deviceScreenSize: 480x800, deviceUDID: 19258523021239, javascriptEnabled: true, locationContextEnabled: false, networkConnectionEnabled: true, pixelRatio: 1.5, platform: LINUX, platformName: Android, platformVersion: 8.1.0, statBarHeight: 36, systemPort: 8201, takesScreenshot: true, udid: 19258523021239, viewportRect: {height: 692, left: 0, top: 36, width: 480}, warnings: {}, webStorageEnabled: false}
Session ID: bc506ed0-833f-4a13-83b3-dc739b6818e2
*** Element info: {Using=xpath, value=//*[contains(@resource-id,'receive_fsi_hb_button')]}
at sun.reflect.NativeConstructorAccessorImpl.newInstance0(Native Method)
at sun.reflect.NativeConstructorAccessorImpl.newInstance(NativeConstructorAccessorImpl.java:62)
at sun.reflect.DelegatingConstructorAccessorImpl.newInstance(DelegatingConstructorAccessorImpl.java:45)
at java.lang.reflect.Constructor.newInstance(Constructor.java:423)
at org.openqa.selenium.remote.http.W3CHttpResponseCodec.createException(W3CHttpResponseCodec.java:187)
at org.openqa.selenium.remote.http.W3CHttpResponseCodec.decode(W3CHttpResponseCodec.java:122)
at org.openqa.selenium.remote.http.W3CHttpResponseCodec.decode(W3CHttpResponseCodec.java:49)
at org.openqa.selenium.remote.HttpCommandExecutor.execute(HttpCommandExecutor.java:158)
at io.appium.java_client.remote.AppiumCommandExecutor.execute(AppiumCommandExecutor.java:239)
at org.openqa.selenium.remote.RemoteWebDriver.execute(RemoteWebDriver.java:552)
at io.appium.java_client.DefaultGenericMobileDriver.execute(DefaultGenericMobileDriver.java:41)
at io.appium.java_client.AppiumDriver.execute(AppiumDriver.java:1)
at io.appium.java_client.android.AndroidDriver.execute(AndroidDriver.java:1)
at org.openqa.selenium.remote.RemoteWebDriver.findElement(RemoteWebDriver.java:323)
at io.appium.java_client.DefaultGenericMobileDriver.findElement(DefaultGenericMobileDriver.java:61)
at io.appium.java_client.AppiumDriver.findElement(AppiumDriver.java:1)
at io.appium.java_client.android.AndroidDriver.findElement(AndroidDriver.java:1)
at org.openqa.selenium.remote.RemoteWebDriver.findElementByXPath(RemoteWebDriver.java:428)
at io.appium.java_client.DefaultGenericMobileDriver.findElementByXPath(DefaultGenericMobileDriver.java:151)
at io.appium.java_client.AppiumDriver.findElementByXPath(AppiumDriver.java:1)
at io.appium.java_client.android.AndroidDriver.findElementByXPath(AndroidDriver.java:1)
at org.openqa.selenium.By$ByXPath.findElement(By.java:353)
at org.openqa.selenium.remote.RemoteWebDriver.findElement(RemoteWebDriver.java:315)
at io.appium.java_client.DefaultGenericMobileDriver.findElement(DefaultGenericMobileDriver.java:57)
at io.appium.java_client.AppiumDriver.findElement(AppiumDriver.java:1)
at io.appium.java_client.android.AndroidDriver.findElement(AndroidDriver.java:1)
at com.pages.BasePage.click(BasePage.java:79)
at com.pages.ReceivePage.clickReceiveFSIHB(ReceivePage.java:22)
at com.testcases.ReceivePageTests.receiveFSIHBTest(ReceivePageTests.java:28)
at sun.reflect.NativeMethodAccessorImpl.invoke0(Native Method)
at sun.reflect.NativeMethodAccessorImpl.invoke(NativeMethodAccessorImpl.java:62)
at sun.reflect.DelegatingMethodAccessorImpl.invoke(DelegatingMethodAccessorImpl.java:43)
at java.lang.reflect.Method.invoke(Method.java:498)
at org.testng.internal.MethodInvocationHelper.invokeMethod(MethodInvocationHelper.java:124)
at org.testng.internal.Invoker.invokeMethod(Invoker.java:583)
at org.testng.internal.Invoker.invokeTestMethod(Invoker.java:719)
at org.testng.internal.TestMethodWithDataProviderMethodWorker.call(TestMethodWithDataProviderMethodWorker.java:71)
at org.testng.internal.TestMethodWithDataProviderMethodWorker.call(TestMethodWithDataProviderMethodWorker.java:14)
at java.util.concurrent.FutureTask.run(FutureTask.java:266)
at java.util.concurrent.Executors$RunnableAdapter.call(Executors.java:511)
at java.util.concurrent.FutureTask.run(FutureTask.java:266)
at java.util.concurrent.ThreadPoolExecutor.runWorker(ThreadPoolExecutor.java:1149)
at java.util.concurrent.ThreadPoolExecutor$Worker.run(ThreadPoolExecutor.java:624)
at java.lang.Thread.run(Thread.java:748)
]]>
    </error>
  </testcase> <!-- receiveFSIHBTest -->
  <testcase name="receiveFSIHBTest" time="107.669" classname="com.testcases.ReceivePageTests">
    <error type="org.openqa.selenium.InvalidSelectorException" message="java.lang.IllegalArgumentException: Unable to compile &#039;android.widget.TextView//[contains(@text,&#039;FSI Housebill has been received.&#039;)]&#039;. See Cause.
For documentation on this error, please visit: https://www.seleniumhq.org/exceptions/invalid_selector_exception.html
Build info: version: &#039;3.141.59&#039;, revision: &#039;e82be7d358&#039;, time: &#039;2018-11-14T08:17:03&#039;
System info: host: &#039;INMAAWN53000190&#039;, ip: &#039;10.0.75.1&#039;, os.name: &#039;Windows 10&#039;, os.arch: &#039;amd64&#039;, os.version: &#039;10.0&#039;, java.version: &#039;1.8.0_221&#039;
Driver info: io.appium.java_client.android.AndroidDriver
Capabilities {appActivity: com.dhl.fsi.android.activit..., appPackage: com.dhl.fsi.android.dev, automationName: uiautomator2, databaseEnabled: false, desired: {appActivity: com.dhl.fsi.android.activit..., appPackage: com.dhl.fsi.android.dev, automationName: uiautomator2, deviceName: Real Device 2, platformName: android, systemPort: 8200, udid: 19277522501211}, deviceApiLevel: 27, deviceManufacturer: Zebra Technologies, deviceModel: TC57, deviceName: 19277522501211, deviceScreenDensity: 320, deviceScreenSize: 720x1280, deviceUDID: 19277522501211, javascriptEnabled: true, locationContextEnabled: false, networkConnectionEnabled: true, pixelRatio: 2, platform: LINUX, platformName: Android, platformVersion: 8.1.0, statBarHeight: 48, systemPort: 8200, takesScreenshot: true, udid: 19277522501211, viewportRect: {height: 1136, left: 0, top: 48, width: 720}, warnings: {}, webStorageEnabled: false}
Session ID: 99ecb403-d445-499f-96b2-fdefab472326
*** Element info: {Using=xpath, value=android.widget.TextView//[contains(@text,&#039;FSI Housebill has been received.&#039;)]}">
      <![CDATA[org.openqa.selenium.InvalidSelectorException: java.lang.IllegalArgumentException: Unable to compile 'android.widget.TextView//[contains(@text,'FSI Housebill has been received.')]'. See Cause.
For documentation on this error, please visit: https://www.seleniumhq.org/exceptions/invalid_selector_exception.html
Build info: version: '3.141.59', revision: 'e82be7d358', time: '2018-11-14T08:17:03'
System info: host: 'INMAAWN53000190', ip: '10.0.75.1', os.name: 'Windows 10', os.arch: 'amd64', os.version: '10.0', java.version: '1.8.0_221'
Driver info: io.appium.java_client.android.AndroidDriver
Capabilities {appActivity: com.dhl.fsi.android.activit..., appPackage: com.dhl.fsi.android.dev, automationName: uiautomator2, databaseEnabled: false, desired: {appActivity: com.dhl.fsi.android.activit..., appPackage: com.dhl.fsi.android.dev, automationName: uiautomator2, deviceName: Real Device 2, platformName: android, systemPort: 8200, udid: 19277522501211}, deviceApiLevel: 27, deviceManufacturer: Zebra Technologies, deviceModel: TC57, deviceName: 19277522501211, deviceScreenDensity: 320, deviceScreenSize: 720x1280, deviceUDID: 19277522501211, javascriptEnabled: true, locationContextEnabled: false, networkConnectionEnabled: true, pixelRatio: 2, platform: LINUX, platformName: Android, platformVersion: 8.1.0, statBarHeight: 48, systemPort: 8200, takesScreenshot: true, udid: 19277522501211, viewportRect: {height: 1136, left: 0, top: 48, width: 720}, warnings: {}, webStorageEnabled: false}
Session ID: 99ecb403-d445-499f-96b2-fdefab472326
*** Element info: {Using=xpath, value=android.widget.TextView//[contains(@text,'FSI Housebill has been received.')]}
at sun.reflect.NativeConstructorAccessorImpl.newInstance0(Native Method)
at sun.reflect.NativeConstructorAccessorImpl.newInstance(NativeConstructorAccessorImpl.java:62)
at sun.reflect.DelegatingConstructorAccessorImpl.newInstance(DelegatingConstructorAccessorImpl.java:45)
at java.lang.reflect.Constructor.newInstance(Constructor.java:423)
at org.openqa.selenium.remote.http.W3CHttpResponseCodec.createException(W3CHttpResponseCodec.java:187)
at org.openqa.selenium.remote.http.W3CHttpResponseCodec.decode(W3CHttpResponseCodec.java:122)
at org.openqa.selenium.remote.http.W3CHttpResponseCodec.decode(W3CHttpResponseCodec.java:49)
at org.openqa.selenium.remote.HttpCommandExecutor.execute(HttpCommandExecutor.java:158)
at io.appium.java_client.remote.AppiumCommandExecutor.execute(AppiumCommandExecutor.java:239)
at org.openqa.selenium.remote.RemoteWebDriver.execute(RemoteWebDriver.java:552)
at io.appium.java_client.DefaultGenericMobileDriver.execute(DefaultGenericMobileDriver.java:41)
at io.appium.java_client.AppiumDriver.execute(AppiumDriver.java:1)
at io.appium.java_client.android.AndroidDriver.execute(AndroidDriver.java:1)
at org.openqa.selenium.remote.RemoteWebDriver.findElement(RemoteWebDriver.java:323)
at io.appium.java_client.DefaultGenericMobileDriver.findElement(DefaultGenericMobileDriver.java:61)
at io.appium.java_client.AppiumDriver.findElement(AppiumDriver.java:1)
at io.appium.java_client.android.AndroidDriver.findElement(AndroidDriver.java:1)
at org.openqa.selenium.remote.RemoteWebDriver.findElementByXPath(RemoteWebDriver.java:428)
at io.appium.java_client.DefaultGenericMobileDriver.findElementByXPath(DefaultGenericMobileDriver.java:151)
at io.appium.java_client.AppiumDriver.findElementByXPath(AppiumDriver.java:1)
at io.appium.java_client.android.AndroidDriver.findElementByXPath(AndroidDriver.java:1)
at org.openqa.selenium.By$ByXPath.findElement(By.java:353)
at org.openqa.selenium.remote.RemoteWebDriver.findElement(RemoteWebDriver.java:315)
at io.appium.java_client.DefaultGenericMobileDriver.findElement(DefaultGenericMobileDriver.java:57)
at io.appium.java_client.AppiumDriver.findElement(AppiumDriver.java:1)
at io.appium.java_client.android.AndroidDriver.findElement(AndroidDriver.java:1)
at com.pages.BasePage.getText(BasePage.java:83)
at com.pages.ReceiveHBPage.receiveHB(ReceiveHBPage.java:43)
at com.testcases.ReceivePageTests.receiveFSIHBTest(ReceivePageTests.java:29)
at sun.reflect.NativeMethodAccessorImpl.invoke0(Native Method)
at sun.reflect.NativeMethodAccessorImpl.invoke(NativeMethodAccessorImpl.java:62)
at sun.reflect.DelegatingMethodAccessorImpl.invoke(DelegatingMethodAccessorImpl.java:43)
at java.lang.reflect.Method.invoke(Method.java:498)
at org.testng.internal.MethodInvocationHelper.invokeMethod(MethodInvocationHelper.java:124)
at org.testng.internal.Invoker.invokeMethod(Invoker.java:583)
at org.testng.internal.Invoker.invokeTestMethod(Invoker.java:719)
at org.testng.internal.TestMethodWithDataProviderMethodWorker.call(TestMethodWithDataProviderMethodWorker.java:71)
at org.testng.internal.TestMethodWithDataProviderMethodWorker.call(TestMethodWithDataProviderMethodWorker.java:14)
at java.util.concurrent.FutureTask.run(FutureTask.java:266)
at java.util.concurrent.Executors$RunnableAdapter.call(Executors.java:511)
at java.util.concurrent.FutureTask.run(FutureTask.java:266)
at java.util.concurrent.ThreadPoolExecutor.runWorker(ThreadPoolExecutor.java:1149)
at java.util.concurrent.ThreadPoolExecutor$Worker.run(ThreadPoolExecutor.java:624)
at java.lang.Thread.run(Thread.java:748)
]]>
    </error>
  </testcase> <!-- receiveFSIHBTest -->
</testsuite> <!-- com.testcases.ReceivePageTests -->
