<?xml version="1.0" encoding="UTF-8"?>
<!-- Generated by org.testng.reporters.JUnitReportReporter -->
<testsuite skipped="1" hostname="INMAAWN53000190" name="com.testcases.APIDemosTest" tests="2" failures="0" timestamp="28 Mar 2020 07:31:10 GMT" time="130.794" errors="0">
  <testcase name="testAPIScroll" time="130.794" classname="com.testcases.APIDemosTest"/>
  <testcase name="testAPIDemo" classname="com.testcases.APIDemosTest">
    <skipped/>
  </testcase> <!-- testAPIDemo -->
</testsuite> <!-- com.testcases.APIDemosTest -->
